<?xml version="1.0" encoding="UTF-8"?>
<testng-results skipped="0" failed="0" ignored="0" total="1" passed="1">
  <reporter-output>
  </reporter-output>
  <suite name="Default suite" duration-ms="12373" started-at="2018-10-01T01:09:53Z" finished-at="2018-10-01T01:10:06Z">
    <groups>
    </groups>
    <test name="Default test" duration-ms="12373" started-at="2018-10-01T01:09:53Z" finished-at="2018-10-01T01:10:06Z">
      <class name="Testcases.Testcases">
        <test-method status="PASS" signature="Login()[pri:0, instance:Testcases.Testcases@195d2a2]" name="Login" duration-ms="12348" started-at="2018-10-01T01:09:53Z" finished-at="2018-10-01T01:10:06Z">
          <reporter-output>
          </reporter-output>
        </test-method> <!-- Login -->
      </class> <!-- Testcases.Testcases -->
    </test> <!-- Default test -->
  </suite> <!-- Default suite -->
</testng-results>
